<?xml version="1.0" encoding="UTF-8"?>
<testsuite xmlns:xsi="http://www.w3.org/2001/XMLSchema-instance" xsi:noNamespaceSchemaLocation="https://maven.apache.org/surefire/maven-surefire-plugin/xsd/surefire-test-report.xsd" version="3.0.2" name="acquisition_risk_engine.AcquisitionRiskEngineApplicationTests" time="1.054" tests="1" errors="0" skipped="0" failures="0" flakes="0">
  <properties>
[...]
</properties>
  <testcase name="contextLoads" classname="acquisition_risk_engine.AcquisitionRiskEngineApplicationTests" time="0.267">
    <system-out><![CDATA[15:49:30.632 [main] INFO org.springframework.test.context.support.AnnotationConfigContextLoaderUtils -- Could not detect default configuration classes for test class [acquisition_risk_engine.AcquisitionRiskEngineApplicationTests]: AcquisitionRiskEngineApplicationTests does not declare any static, non-private, non-final, nested classes annotated with @Configuration.
15:49:30.667 [main] INFO org.springframework.boot.test.context.SpringBootTestContextBootstrapper -- Found @SpringBootConfiguration acquisition_risk_engine.AcquisitionRiskEngineApplication for test class acquisition_risk_engine.AcquisitionRiskEngineApplicationTests
15:49:30.690 [main] INFO org.springframework.test.context.support.AnnotationConfigContextLoaderUtils -- Could not detect default configuration classes for test class [acquisition_risk_engine.AcquisitionRiskEngineApplicationTests]: AcquisitionRiskEngineApplicationTests does not declare any static, non-private, non-final, nested classes annotated with @Configuration.
15:49:30.690 [main] INFO org.springframework.boot.test.context.SpringBootTestContextBootstrapper -- Found @SpringBootConfiguration acquisition_risk_engine.AcquisitionRiskEngineApplication for test class acquisition_risk_engine.AcquisitionRiskEngineApplicationTests

  .   ____          _            __ _ _
 /\\ / ___'_ __ _ _(_)_ __  __ _ \ \ \ \
( ( )\___ | '_ | '_| | '_ \/ _` | \ \ \ \
 \\/  ___)| |_)| | | | | || (_| |  ) ) ) )
  '  |____| .__|_| |_|_| |_\__, | / / / /
 =========|_|==============|___/=/_/_/_/

 :: Spring Boot ::                (v4.0.6)

2026-06-08T15:49:30.780-05:00  INFO 10527 --- [acquisition-risk-engine] [           main] a.AcquisitionRiskEngineApplicationTests  : Starting AcquisitionRiskEngineApplicationTests using Java 17.0.19 with PID 10527 (started by alexmoozhayil in /Users/alexmoozhayil/Developer/projects/java/acquisition-risk-engine)
2026-06-08T15:49:30.781-05:00  INFO 10527 --- [acquisition-risk-engine] [           main] a.AcquisitionRiskEngineApplicationTests  : No active profile set, falling back to 1 default profile: "default"
2026-06-08T15:49:31.076-05:00  INFO 10527 --- [acquisition-risk-engine] [           main] com.zaxxer.hikari.HikariDataSource       : HikariPool-1 - Starting...
2026-06-08T15:49:31.148-05:00  INFO 10527 --- [acquisition-risk-engine] [           main] com.zaxxer.hikari.pool.HikariPool        : HikariPool-1 - Added connection org.postgresql.jdbc.PgConnection@61da0413
2026-06-08T15:49:31.149-05:00  INFO 10527 --- [acquisition-risk-engine] [           main] com.zaxxer.hikari.HikariDataSource       : HikariPool-1 - Start completed.
2026-06-08T15:49:31.161-05:00  INFO 10527 --- [acquisition-risk-engine] [           main] org.flywaydb.core.FlywayExecutor         : Database: jdbc:postgresql://localhost:5433/acquisition_risk (PostgreSQL 16.14)
2026-06-08T15:49:31.185-05:00  INFO 10527 --- [acquisition-risk-engine] [           main] o.f.core.internal.command.DbValidate     : Successfully validated 2 migrations (execution time 00:00.010s)
2026-06-08T15:49:31.209-05:00  INFO 10527 --- [acquisition-risk-engine] [           main] o.f.core.internal.command.DbMigrate      : Current version of schema "public": 2
2026-06-08T15:49:31.211-05:00  INFO 10527 --- [acquisition-risk-engine] [           main] o.f.core.internal.command.DbMigrate      : Schema "public" is up to date. No migration necessary.
2026-06-08T15:49:31.361-05:00  INFO 10527 --- [acquisition-risk-engine] [           main] a.AcquisitionRiskEngineApplicationTests  : Started AcquisitionRiskEngineApplicationTests in 0.653 seconds (process running for 0.978)
]]></system-out>
  </testcase>
</testsuite>